 HLPP20050041811CLC-17.2074.2074.2.out
 TurboSEQUEST v.27 (rev. 11), (c) 1999-2000
 Molecular Biotechnology, Univ. of Washington, J.Eng/J.Yates
 Licensed to ThermoQuest Corp.
 07/21/2005, 01:08 AM, 2 sec. on TT
 (M+H)+ mass = 1964.9900 ~ 3.0000 (+2), fragment tol = 0.0, AVG/MONO
 total inten = 8426.6, lowest Sp = 54.3, # matched peptides = 12202
 # amino acids = 208600, # proteins = 0, E:\Xcalibur\database/ipi.HUMAN.v3.07.fasta, E:\Xcalibur\database\ipi.HUMAN.v3.07.fasta.bin
 ion series nABY ABCDVWXYZ: 0 1 1 0.0 1.0 0.0 0.0 0.0 0.0 0.0 1.0 0.0
 display top 10/3, ion % = 0.0, CODE = 1000103
 C=160.159 Enzyme:Trypsin (2)

  #   Rank/Sp    (M+H)+   deltCn   XCorr    Sp     Ions  Reference                   Peptide
 ---  -------  ---------  ------  ------   ----    ----  ---------                   -------
  1.   1 / 65  1963.2010  0.0000  1.1017   101.4   7/30  IPI:IPI00029168.1|SW +28  -.TPEYYPNAGLIMNYCR.-
      IPI:IPI00029168.1|SW
      IPI:IPI00029168.1|SW
      IPI:IPI00029168.1|SW
      IPI:IPI00029168.1|SW
      IPI:IPI00029168.1|SW
      IPI:IPI00029168.1|SW
      IPI:IPI00029168.1|SW
      IPI:IPI00029168.1|SW
      IPI:IPI00029168.1|SW
      IPI:IPI00029168.1|SW
      IPI:IPI00029168.1|SW
      IPI:IPI00029168.1|SW
      IPI:IPI00029168.1|SW
      IPI:IPI00029168.1|SW
      IPI:IPI00029168.1|SW
      IPI:IPI00029168.1|SW
      IPI:IPI00029168.1|SW
      IPI:IPI00029168.1|SW
      IPI:IPI00029168.1|SW
      IPI:IPI00029168.1|SW
  2.   2 / 69  1962.3430  0.1021  0.9893    99.8   8/34  IPI:IPI00016282.1|SW      -.LVLGLHTLDSPGLTFHIK.-
  3.   3 / 18  1963.1840  0.1734  0.9107   154.3   8/32  IPI:IPI00307418.4|SW +2   -.ILTGHTGSVLCLQYDER.-
      IPI:IPI00413142.1|SW
      IPI:IPI00470930.1|TR
  4.   4 /  6  1965.1720  0.1943  0.8876   179.8  10/30  IPI:IPI00220289.6|SW +3   -.TDISLDDPNFWQKWAK.-
      IPI:IPI00383105.2|TR
      IPI:IPI00398992.2|SW
      IPI:IPI00472901.2|SW
  5.   5 / 25  1961.1880  0.2041  0.8769   133.4   9/34  IPI:IPI00384571.1|TR +1   -.GLRPREVQDPAPAQVQAQ.-
      IPI:IPI00428288.1|SW
  6.   6 / 57  1961.1949  0.2570  0.8186   107.0   7/30  IPI:IPI00171047.1|SW      -.DLTQCVTCQEKHITVK.-
  7.   7 /167  1966.2250  0.3121  0.7579    77.7   7/36  IPI:IPI00021167.3|TR +1   -.VTVGDITCTGEGTSKKLAK.-
      IPI:IPI00514712.1|EN
  8.   8 /  7  1966.1610  0.3207  0.7484   177.8   9/32  IPI:IPI00018880.2|SW      -.LGLSDHEIDRLELQNGR.-
  9.   9 / 20  1964.0620  0.3428  0.7241   148.7   9/32  IPI:IPI00215689.7|RE +8   -.MSYGGSTCHAYSNTRDR.-
      IPI:IPI00332760.1|SW
      IPI:IPI00397754.2|EN
      IPI:IPI00431646.1|TR
      IPI:IPI00472030.1|RE
      IPI:IPI00478534.2|EN
      IPI:IPI00479500.1|RE
      IPI:IPI00552226.1|TR
      IPI:IPI00555907.1|TR
 10.  10 /171  1965.0861  0.3502  0.7159    77.0   7/34  IPI:IPI00376705.2|RE      -.LGQSHPPTWDQTEPEGGK.-

120. 120 /  1  1967.2760  0.6300  0.4076   236.9  11/32  IPI:IPI00020366.1|SW      -.LYPHLKDISPSENVVVR.-

  1.  IPI:IPI00029168.1|SW
  2.  IPI:IPI00016282.1|SW
  3.  IPI:IPI00307418.4|SW
