
 JWH_SAX_35_050906.19303.19303.2.out
 TurboSEQUEST v.27 (rev. 12), (c) 1998-2005
 Molecular Biotechnology, Univ. of Washington, J.Eng/S.Morgan/J.Yates
 Licensed to ThermoFinnigan Corp.
 09/12/2005, 10:30 PM, 2.0 sec. on CIS-P
 (M+H)+ mass = 1377.20600 ~ 3.0000 (+2), fragment tol = 1.0000, AVG/MONO
 total inten = 6618.3, lowest Sp = 261.7, # matched peptides = 33294
 # amino acids = 19227160, # proteins = 42023, D:\database\ipi.MOUSE.v3.00.1.fasta
 ion series nABY ABCDVWXYZ: 0 1 1 0.0 1.0 0.0 0.0 0.0 0.0 0.0 1.0 0.0
 display top 10/5, ion % = 0.0, CODE = 101020
 (STY* +79.96633) (M# +15.99492) C=160.16523  Enzyme:Trypsin(KR) (1)

  #   Rank/Sp      Id#     (M+H)+    deltCn   XCorr    Sp    Ions  Reference                                                                           Peptide
 ---  --------  --------  --------   ------  ------   -----  ----  ---------                                                                           -------
  1.   1 /  9       9904 1375.21247  0.0000  2.6094   471.0  20/45  IPI:IPI00135561.1|TREMBL:Q9D390|REFSEQ_NP:NP_083804|ENSEMBL:ENSMUSP00000031891      -.MEDT*T*S*ILPK.L
  2.   2 /246       8991 1375.48154  0.1152  2.3089   261.7  14/30  IPI:IPI00132923.1|SWISS-PROT:O88630                                             +1  K.ENMTS*QRGMLK.S
                   18524  IPI:IPI00313559.2|TREMBL:Q91VU9;Q8
  3.   3 / 12       3316 1375.35751  0.1952  2.1001   464.6  19/36  IPI:IPI00118401.1|TREMBL:Q9DAB5|REFSEQ_XP:XP_486774|ENSEMBL:ENSMUSP00000055261      R.KNS*FAIY*FPK.V
  4.   4 /197       8991 1375.48154  0.2035  2.0783   281.6  14/30  IPI:IPI00132923.1|SWISS-PROT:O88630                                             +1  K.ENMT*SQRGMLK.S
                   18524  IPI:IPI00313559.2|TREMBL:Q91VU9;Q8
  5.   5 / 78      19416 1375.44171  0.2202  2.0348   339.5  14/30  IPI:IPI00321320.3|SWISS-PROT:Q01097|TREMBL:Q8CG69;Q8CG67|REFSEQ_NP:NP_032197|E      -.MKPSAECCS*PK.F
  6.   6 / 43       3203 1375.26954  0.2283  2.0137   381.1  18/36  IPI:IPI00118096.1|TREMBL:Q99MV3|REFSEQ_NP:NP_113551|ENSEMBL:ENSMUSP00000009772      K.ENNS*Y*YALLK.Y
  7.   7 /  1      30044 1375.42977  0.2352  1.9957   558.3  17/30  IPI:IPI00458223.1|TREMBL:Q9D014;Q80ZV0|REFSEQ_XP:XP_127746|ENSEMBL:ENSMUSP00000     K.ELS*DDLSKFLK.L
  8.   8 / 18      20768 1375.42977  0.2444  1.9715   437.0  16/30  IPI:IPI00336965.1|SWISS-PROT:Q8K301|TREMBL:Q9CS33|REFSEQ_NP:NP_084372|ENSEMBL:      R.KFDS*ESLEVLK.G
  9.   9 /102       3203 1375.26954  0.2541  1.9464   324.3  17/36  IPI:IPI00118096.1|TREMBL:Q99MV3|REFSEQ_NP:NP_113551|ENSEMBL:ENSMUSP00000009772      K.ENNS*YY*ALLK.Y
 10.  10 /101       3203 1375.26954  0.2644  1.9194   325.2  17/36  IPI:IPI00118096.1|TREMBL:Q99MV3|REFSEQ_NP:NP_113551|ENSEMBL:ENSMUSP00000009772      K.ENNSY*Y*ALLK.Y

  1.       9904  IPI:IPI00135561.1|TREMBL:Q9D390|REFSEQ_NP:NP_083804|ENSEMBL:ENSMUSP0000003189
  2.       8991  IPI:IPI00132923.1|SWISS-PROT:O88630 Tax_Id=10090 28 KDA GOLGI SNARE PROTEI
  3.       3316  IPI:IPI00118401.1|TREMBL:Q9DAB5|REFSEQ_XP:XP_486774|ENSEMBL:ENSMUSP0000005526
  4.       8991  IPI:IPI00132923.1|SWISS-PROT:O88630 Tax_Id=10090 28 KDA GOLGI SNARE PROTEI
  5.      19416  IPI:IPI00321320.3|SWISS-PROT:Q01097|TREMBL:Q8CG69;Q8CG67|REFSEQ_NP:NP_032197|
